
  EPA STORM WATER MANAGEMENT MODEL - VERSION 5.2 (Build 5.2.4)
  PYSWMM TOOLKIT API - VERSION v1.0 (2023-11-27)
  ------------------------------------------------------------

  WARNING 04: minimum elevation drop used for Conduit 13
  WARNING 04: minimum elevation drop used for Conduit 22
  WARNING 04: minimum elevation drop used for Conduit 31
  
  ****************
  Analysis Options
  ****************
  Flow Units ............... CFS
  Process Models:
    Rainfall/Runoff ........ NO
    RDII ................... NO
    Snowmelt ............... NO
    Groundwater ............ NO
    Flow Routing ........... YES
    Ponding Allowed ........ NO
    Water Quality .......... NO
  Flow Routing Method ...... DYNWAVE
  Surcharge Method ......... EXTRAN
  Starting Date ............ 01/01/2024 00:00:00
  Ending Date .............. 01/01/2024 00:02:00
  Antecedent Dry Days ...... 0.0
  Report Time Step ......... 00:00:01
  Routing Time Step ........ 0.01 sec
  Variable Time Step ....... NO
  Maximum Trials ........... 10
  Number of Threads ........ 1
  Head Tolerance ........... 0.000500 ft
  
  
  **************************        Volume        Volume
  Flow Routing Continuity        acre-feet      10^6 gal
  **************************     ---------     ---------
  Dry Weather Inflow .......         0.000         0.000
  Wet Weather Inflow .......         0.000         0.000
  Groundwater Inflow .......         0.000         0.000
  RDII Inflow ..............         0.000         0.000
  External Inflow ..........         0.000         0.000
  External Outflow .........         0.000         0.000
  Flooding Loss ............         0.000         0.000
  Evaporation Loss .........         0.000         0.000
  Exfiltration Loss ........         0.000         0.000
  Initial Stored Volume ....         0.000         0.000
  Final Stored Volume ......         0.000         0.000
  Continuity Error (%) .....         0.000
  
  
  *************************
  Highest Continuity Errors
  *************************
  Node 24 (21.57%)
  Node 17 (7.81%)
  Node 3 (2.39%)
  Node 23 (-2.18%)
  Node 25 (2.10%)
  
  
  ********************************
  Highest Flow Instability Indexes
  ********************************
  All links are stable.
  
  
  *********************************
  Most Frequent Nonconverging Nodes
  *********************************
  Convergence obtained at all time steps.
  
  
  *************************
  Routing Time Step Summary
  *************************
  Minimum Time Step           :     0.01 sec
  Average Time Step           :     0.01 sec
  Maximum Time Step           :     0.01 sec
  % of Time in Steady State   :     0.00
  Average Iterations per Step :     2.00
  % of Steps Not Converging   :     0.00
  
  
  ******************
  Node Depth Summary
  ******************
  
  ---------------------------------------------------------------------------------
                                 Average  Maximum  Maximum  Time of Max    Reported
                                   Depth    Depth      HGL   Occurrence   Max Depth
  Node                 Type         Feet     Feet     Feet  days hr:min        Feet
  ---------------------------------------------------------------------------------
  1                    JUNCTION     0.01     0.07     2.22     0  00:00        0.07
  2                    JUNCTION     0.01     0.07     2.77     0  00:00        0.07
  3                    JUNCTION     0.01     0.09     2.84     0  00:00        0.09
  4                    JUNCTION     0.01     0.08     3.20     0  00:00        0.08
  5                    JUNCTION     0.01     0.10     3.53     0  00:00        0.10
  6                    JUNCTION     0.01     0.09     4.05     0  00:00        0.09
  7                    JUNCTION     0.01     0.07     2.80     0  00:00        0.07
  8                    JUNCTION     0.02     0.13     2.85     0  00:00        0.12
  10                   JUNCTION     0.01     0.07     1.97     0  00:00        0.07
  12                   JUNCTION     0.01     0.06     1.96     0  00:00        0.06
  13                   JUNCTION     0.01     0.06     2.21     0  00:00        0.06
  14                   JUNCTION     0.01     0.06     2.76     0  00:00        0.06
  15                   JUNCTION     0.01     0.08     2.80     0  00:00        0.08
  16                   JUNCTION     0.07     0.17     2.89     0  00:00        0.16
  17                   JUNCTION     0.04     0.13     2.88     0  00:00        0.12
  18                   JUNCTION     0.01     0.08     3.20     0  00:00        0.08
  19                   JUNCTION     0.01     0.10     3.53     0  00:00        0.10
  20                   JUNCTION     0.01     0.09     4.05     0  00:00        0.09
  21                   JUNCTION     0.01     0.09     4.05     0  00:00        0.09
  22                   JUNCTION     0.01     0.10     3.53     0  00:00        0.10
  23                   JUNCTION     0.01     0.08     3.20     0  00:00        0.08
  24                   JUNCTION     0.09     0.16     2.91     0  00:00        0.16
  25                   JUNCTION     0.12     0.21     2.94     0  00:00        0.20
  26                   JUNCTION     0.01     0.07     2.79     0  00:00        0.06
  27                   JUNCTION     0.01     0.05     2.75     0  00:00        0.04
  28                   JUNCTION     0.01     0.04     2.19     0  00:00        0.04
  29                   JUNCTION     0.01     0.05     1.95     0  00:00        0.05
  9                    OUTFALL      0.01     0.06     1.74     0  00:00        0.06
  11                   OUTFALL      0.01     0.06     1.74     0  00:00        0.06
  30                   OUTFALL      0.01     0.04     1.72     0  00:00        0.04
  
  
  *******************
  Node Inflow Summary
  *******************
  
  -------------------------------------------------------------------------------------------------
                                  Maximum  Maximum                  Lateral       Total        Flow
                                  Lateral    Total  Time of Max      Inflow      Inflow     Balance
                                   Inflow   Inflow   Occurrence      Volume      Volume       Error
  Node                 Type           CFS      CFS  days hr:min    10^6 gal    10^6 gal     Percent
  -------------------------------------------------------------------------------------------------
  1                    JUNCTION      0.00     0.04     0  00:00           0    2.59e-06       0.026 gal
  2                    JUNCTION      0.00     0.03     0  00:00           0    2.55e-06      -0.041 gal
  3                    JUNCTION      0.00     0.04     0  00:00           0    2.62e-06       0.063 gal
  4                    JUNCTION      0.00     0.05     0  00:00           0    2.63e-06       0.013 gal
  5                    JUNCTION      0.00     0.06     0  00:00           0    2.65e-06       0.023 gal
  6                    JUNCTION      0.05     0.05     0  00:00    2.56e-06    2.56e-06      -0.094 gal
  7                    JUNCTION      0.00     0.04     0  00:00           0    2.55e-06      -0.001 gal
  8                    JUNCTION      0.00     0.03     0  00:00           0    2.55e-06       0.002 gal
  10                   JUNCTION      0.00     0.03     0  00:00           0    2.57e-06       0.018 gal
  12                   JUNCTION      0.00     0.03     0  00:00           0    2.43e-06       0.016 gal
  13                   JUNCTION      0.00     0.03     0  00:00           0    2.46e-06       0.028 gal
  14                   JUNCTION      0.00     0.03     0  00:00           0    2.43e-06      -0.031 gal
  15                   JUNCTION      0.00     0.03     0  00:00           0    2.43e-06      -0.002 gal
  16                   JUNCTION      0.00     0.03     0  00:00           0     2.7e-06       0.004 gal
  17                   JUNCTION      0.00     0.04     0  00:00           0    2.93e-06       0.229 gal
  18                   JUNCTION      0.00     0.05     0  00:00           0    2.63e-06      -0.027 gal
  19                   JUNCTION      0.00     0.06     0  00:00           0    2.65e-06       0.022 gal
  20                   JUNCTION      0.05     0.05     0  00:00    2.56e-06    2.56e-06      -0.094 gal
  21                   JUNCTION      0.05     0.05     0  00:00    2.56e-06    2.56e-06      -0.094 gal
  22                   JUNCTION      0.00     0.06     0  00:00           0    2.65e-06       0.021 gal
  23                   JUNCTION      0.00     0.05     0  00:00           0    2.63e-06      -0.057 gal
  24                   JUNCTION      0.00     0.04     0  00:00           0    3.07e-06       0.662 gal
  25                   JUNCTION      0.00     0.03     0  00:00           0    2.41e-06       0.051 gal
  26                   JUNCTION      0.00     0.02     0  00:00           0    1.98e-06      -0.001 gal
  27                   JUNCTION      0.00     0.02     0  00:00           0    1.98e-06      -0.018 gal
  28                   JUNCTION      0.00     0.02     0  00:00           0       2e-06       0.026 gal
  29                   JUNCTION      0.00     0.02     0  00:00           0    1.97e-06       0.016 gal
  9                    OUTFALL       0.00     0.04     0  00:00           0    2.55e-06       0.000 gal
  11                   OUTFALL       0.00     0.03     0  00:00           0    2.41e-06       0.000 gal
  30                   OUTFALL       0.00     0.02     0  00:00           0    1.95e-06       0.000 gal
  
  
  **********************
  Node Surcharge Summary
  **********************
  
  No nodes were surcharged.
  
  
  *********************
  Node Flooding Summary
  *********************
  
  No nodes were flooded.
  
  
  ***********************
  Outfall Loading Summary
  ***********************
  
  -----------------------------------------------------------
                         Flow       Avg       Max       Total
                         Freq      Flow      Flow      Volume
  Outfall Node           Pcnt       CFS       CFS    10^6 gal
  -----------------------------------------------------------
  9                     32.45      0.01      0.04       0.000
  11                    36.56      0.01      0.03       0.000
  30                    39.60      0.01      0.02       0.000
  -----------------------------------------------------------
  System                36.20      0.02      0.06       0.000
  
  
  ********************
  Link Flow Summary
  ********************
  
  -----------------------------------------------------------------------------
                                 Maximum  Time of Max   Maximum    Max/    Max/
                                  |Flow|   Occurrence   |Veloc|    Full    Full
  Link                 Type          CFS  days hr:min    ft/sec    Flow   Depth
  -----------------------------------------------------------------------------
  9                    CONDUIT      0.06     0  00:00      4.22    0.22    0.34
  10                   CONDUIT      0.05     0  00:00      3.67    0.25    0.32
  11                   CONDUIT      0.04     0  00:00      3.12    0.19    0.32
  12                   CONDUIT      0.03     0  00:00      1.66    0.15    0.44
  13                   CONDUIT      0.04     0  00:00      2.33    0.91    0.38
  14                   CONDUIT      0.03     0  00:00      3.31    0.16    0.28
  15                   CONDUIT      0.04     0  00:00      3.78    0.13    0.25
  16                   CONDUIT      0.03     0  00:00      3.27    0.14    0.26
  17                   CONDUIT      0.04     0  00:00      3.61    0.14    0.26
  18                   CONDUIT      0.06     0  00:00      4.22    0.22    0.34
  19                   CONDUIT      0.05     0  00:00      3.67    0.25    0.32
  20                   CONDUIT      0.04     0  00:00      2.96    0.20    0.36
  21                   CONDUIT      0.03     0  00:00      1.07    0.14    0.57
  22                   CONDUIT      0.03     0  00:00      1.70    1.16    0.55
  23                   CONDUIT      0.03     0  00:00      3.68    0.15    0.27
  24                   CONDUIT      0.03     0  00:00      3.63    0.10    0.22
  25                   CONDUIT      0.03     0  00:00      3.11    0.11    0.23
  26                   CONDUIT      0.03     0  00:00      3.36    0.11    0.23
  27                   CONDUIT      0.06     0  00:00      4.22    0.22    0.34
  28                   CONDUIT      0.05     0  00:00      3.67    0.25    0.32
  29                   CONDUIT      0.04     0  00:00      2.85    0.20    0.42
  30                   CONDUIT      0.03     0  00:00      0.73    0.13    0.74
  31                   CONDUIT      0.02     0  00:00      1.69    1.60    0.67
  32                   CONDUIT      0.02     0  00:00      3.71    0.10    0.22
  33                   CONDUIT      0.02     0  00:00      3.26    0.06    0.17
  34                   CONDUIT      0.02     0  00:00      2.77    0.06    0.18
  35                   CONDUIT      0.02     0  00:00      2.88    0.07    0.18
  
  
  ***************************
  Flow Classification Summary
  ***************************
  
  -------------------------------------------------------------------------------------
                      Adjusted    ---------- Fraction of Time in Flow Class ---------- 
                       /Actual         Up    Down  Sub   Sup   Up    Down  Norm  Inlet 
  Conduit               Length    Dry  Dry   Dry   Crit  Crit  Crit  Crit  Ltd   Ctrl  
  -------------------------------------------------------------------------------------
  9                       1.00   0.00  0.00  0.00  0.80  0.20  0.00  0.00  0.94  0.00
  10                      1.00   0.00  0.00  0.00  0.45  0.55  0.00  0.00  0.92  0.00
  11                      1.00   0.02  0.00  0.00  0.27  0.72  0.00  0.00  0.90  0.00
  12                      1.00   0.04  0.00  0.00  0.48  0.49  0.00  0.00  0.70  0.00
  13                      1.00   0.05  0.00  0.00  0.43  0.51  0.00  0.00  0.00  0.00
  14                      1.00   0.06  0.00  0.00  0.18  0.76  0.00  0.00  0.52  0.00
  15                      1.00   0.07  0.00  0.00  0.14  0.78  0.00  0.00  0.86  0.00
  16                      1.00   0.09  0.00  0.00  0.07  0.84  0.00  0.00  0.84  0.00
  17                      1.00   0.10  0.00  0.00  0.10  0.80  0.00  0.00  0.45  0.00
  18                      1.00   0.00  0.00  0.00  0.80  0.20  0.00  0.00  0.94  0.00
  19                      1.00   0.00  0.00  0.00  0.48  0.51  0.00  0.00  0.92  0.00
  20                      1.00   0.02  0.00  0.00  0.89  0.09  0.00  0.00  0.90  0.00
  21                      1.00   0.04  0.00  0.00  0.95  0.01  0.00  0.00  0.00  0.00
  22                      1.00   0.07  0.00  0.00  0.00  0.00  0.00  0.93  0.00  0.00
  23                      1.00   0.08  0.00  0.00  0.05  0.87  0.00  0.00  0.44  0.00
  24                      1.00   0.08  0.00  0.00  0.01  0.91  0.00  0.00  0.73  0.00
  25                      1.00   0.09  0.00  0.00  0.02  0.89  0.00  0.00  0.83  0.00
  26                      1.00   0.11  0.00  0.00  0.02  0.87  0.00  0.00  0.48  0.00
  27                      1.00   0.00  0.00  0.00  0.80  0.20  0.00  0.00  0.94  0.00
  28                      1.00   0.00  0.00  0.00  0.53  0.47  0.00  0.00  0.92  0.00
  29                      1.00   0.02  0.00  0.00  0.90  0.08  0.00  0.00  0.90  0.00
  30                      1.00   0.04  0.00  0.00  0.95  0.01  0.00  0.00  0.00  0.00
  31                      1.00   0.09  0.00  0.00  0.00  0.00  0.00  0.91  0.00  0.00
  32                      1.00   0.08  0.00  0.00  0.02  0.90  0.00  0.00  0.37  0.00
  33                      1.00   0.10  0.00  0.00  0.01  0.89  0.00  0.00  0.76  0.00
  34                      1.00   0.11  0.00  0.00  0.02  0.88  0.00  0.00  0.81  0.00
  35                      1.00   0.12  0.00  0.00  0.02  0.86  0.00  0.00  0.60  0.00
  
  
  *************************
  Conduit Surcharge Summary
  *************************
  
  ----------------------------------------------------------------------------
                                                           Hours        Hours 
                         --------- Hours Full --------   Above Full   Capacity
  Conduit                Both Ends  Upstream  Dnstream   Normal Flow   Limited
  ----------------------------------------------------------------------------
  22                          0.01      0.01      0.01      0.01         0.01
  31                          0.01      0.01      0.01      0.01         0.01
  

  Analysis begun on:  Fri Apr 11 08:44:20 2025
  Analysis ended on:  Fri Apr 11 08:44:20 2025
  Total elapsed time: < 1 sec